<?xml version="1.0" encoding="UTF-8"?>
<coverage generated="1694688577427" clover="3.2.0">
  <project timestamp="1694688577427" name="All files">
    <metrics statements="8" coveredstatements="8" conditionals="6" coveredconditionals="6" methods="1" coveredmethods="1" elements="15" coveredelements="15" complexity="0" loc="8" ncloc="8" packages="1" files="1" classes="1"/>
    <file name="validator.js" path="C:\MSI Kate\KateWolsh\IT\Frontend\Home work\regular\src\validator.js">
      <metrics statements="8" coveredstatements="8" conditionals="6" coveredconditionals="6" methods="1" coveredmethods="1"/>
      <line num="4" count="16" type="stmt"/>
      <line num="7" count="16" type="cond" truecount="2" falsecount="0"/>
      <line num="8" count="4" type="stmt"/>
      <line num="12" count="12" type="cond" truecount="2" falsecount="0"/>
      <line num="13" count="5" type="stmt"/>
      <line num="17" count="7" type="cond" truecount="2" falsecount="0"/>
      <line num="18" count="1" type="stmt"/>
      <line num="22" count="6" type="stmt"/>
    </file>
  </project>
</coverage>
