{"C:\\MSI Kate\\KateWolsh\\IT\\Frontend\\Home work\\regular\\src\\validator.js": {"path":"C:\\MSI Kate\\KateWolsh\\IT\\Frontend\\Home work\\regular\\src\\validator.js","statementMap":{"0":{"start":{"line":4,"column":24},"end":{"line":4,"column":61}},"1":{"start":{"line":7,"column":8},"end":{"line":9,"column":9}},"2":{"start":{"line":8,"column":12},"end":{"line":8,"column":25}},"3":{"start":{"line":12,"column":8},"end":{"line":14,"column":9}},"4":{"start":{"line":13,"column":12},"end":{"line":13,"column":25}},"5":{"start":{"line":17,"column":8},"end":{"line":19,"column":9}},"6":{"start":{"line":18,"column":12},"end":{"line":18,"column":25}},"7":{"start":{"line":22,"column":8},"end":{"line":22,"column":38}}},"fnMap":{"0":{"name":"(anonymous_0)","decl":{"start":{"line":3,"column":4},"end":{"line":3,"column":5}},"loc":{"start":{"line":3,"column":31},"end":{"line":23,"column":5}},"line":3}},"branchMap":{"0":{"loc":{"start":{"line":7,"column":8},"end":{"line":9,"column":9}},"type":"if","locations":[{"start":{"line":7,"column":8},"end":{"line":9,"column":9}},{"start":{},"end":{}}],"line":7},"1":{"loc":{"start":{"line":12,"column":8},"end":{"line":14,"column":9}},"type":"if","locations":[{"start":{"line":12,"column":8},"end":{"line":14,"column":9}},{"start":{},"end":{}}],"line":12},"2":{"loc":{"start":{"line":17,"column":8},"end":{"line":19,"column":9}},"type":"if","locations":[{"start":{"line":17,"column":8},"end":{"line":19,"column":9}},{"start":{},"end":{}}],"line":17}},"s":{"0":16,"1":16,"2":4,"3":12,"4":5,"5":7,"6":1,"7":6},"f":{"0":16},"b":{"0":[4,12],"1":[5,7],"2":[1,6]},"_coverageSchema":"1a1c01bbd47fc00a2c39e90264f33305004495a9","hash":"77af06ee7873bd54e2507543dd5b462654febb0e"}
}
